<?xml version="1.0" encoding="UTF-8"?>
<!-- Generated by org.testng.reporters.JUnitXMLReporter -->
<testsuite ignored="8" hostname="Rohan" failures="0" tests="1" name="Default test" time="44.678" errors="0" timestamp="2026-05-03T19:50:34 IST">
  <testcase classname="AdminModule.Admin" name="TC_009" time="8.812"/>
  <testcase classname="AdminModule.Admin" name="TC_008" time="0.0">
    <ignored/>
  </testcase> <!-- TC_008 -->
  <testcase classname="AdminModule.Admin" name="TC__006" time="0.0">
    <ignored/>
  </testcase> <!-- TC__006 -->
  <testcase classname="AdminModule.Admin" name="TC_003" time="0.0">
    <ignored/>
  </testcase> <!-- TC_003 -->
  <testcase classname="AdminModule.Admin" name="TC_002" time="0.0">
    <ignored/>
  </testcase> <!-- TC_002 -->
  <testcase classname="AdminModule.Admin" name="TC_001" time="0.0">
    <ignored/>
  </testcase> <!-- TC_001 -->
  <testcase classname="AdminModule.Admin" name="TC_007" time="0.0">
    <ignored/>
  </testcase> <!-- TC_007 -->
  <testcase classname="AdminModule.Admin" name="TC_005" time="0.0">
    <ignored/>
  </testcase> <!-- TC_005 -->
  <testcase classname="AdminModule.Admin" name="TC_004" time="0.0">
    <ignored/>
  </testcase> <!-- TC_004 -->
</testsuite> <!-- Default test -->
