<?xml version="1.0" encoding="UTF-8"?>
<!-- Generated by org.testng.reporters.JUnitXMLReporter -->
<testsuite ignored="1" hostname="Rohan" failures="0" tests="8" name="Test" time="63.571" errors="0" timestamp="2026-05-03T19:57:34 IST">
  <testcase classname="AdminModule.Admin" name="TC_001" time="2.267"/>
  <testcase classname="AdminModule.Admin" name="TC_002" time="3.307"/>
  <testcase classname="AdminModule.Admin" name="TC_003" time="3.485"/>
  <testcase classname="AdminModule.Admin" name="TC_004" time="16.434"/>
  <testcase classname="AdminModule.Admin" name="TC_005" time="7.4"/>
  <testcase classname="AdminModule.Admin" name="TC_007" time="2.557"/>
  <testcase classname="AdminModule.Admin" name="TC_008" time="2.619"/>
  <testcase classname="AdminModule.Admin" name="TC__006" time="2.909"/>
  <testcase classname="AdminModule.Admin" name="TC_009" time="0.0">
    <ignored/>
  </testcase> <!-- TC_009 -->
</testsuite> <!-- Test -->
