<?xml version="1.0" encoding="UTF-8"?>
<!-- Generated by org.testng.reporters.JUnitXMLReporter -->
<testsuite ignored="17" hostname="Rohan" failures="0" tests="0" time="0.019" errors="0" timestamp="2026-01-27T03:16:53 IST">
  <testcase classname="LoginModule.Login" name="TC_10" time="0.0">
    <ignored/>
  </testcase> <!-- TC_10 -->
  <testcase classname="LoginModule.Login" name="TC_014" time="0.0">
    <ignored/>
  </testcase> <!-- TC_014 -->
  <testcase classname="LoginModule.Login" name="TC_003" time="0.0">
    <ignored/>
  </testcase> <!-- TC_003 -->
  <testcase classname="LoginModule.Login" name="TC_015" time="0.0">
    <ignored/>
  </testcase> <!-- TC_015 -->
  <testcase classname="LoginModule.Login" name="TC_004" time="0.0">
    <ignored/>
  </testcase> <!-- TC_004 -->
  <testcase classname="LoginModule.Login" name="TC_012" time="0.0">
    <ignored/>
  </testcase> <!-- TC_012 -->
  <testcase classname="LoginModule.Login" name="TC_001" time="0.0">
    <ignored/>
  </testcase> <!-- TC_001 -->
  <testcase classname="LoginModule.Login" name="TC_013" time="0.0">
    <ignored/>
  </testcase> <!-- TC_013 -->
  <testcase classname="LoginModule.Login" name="TC_002" time="0.0">
    <ignored/>
  </testcase> <!-- TC_002 -->
  <testcase classname="LoginModule.Login" name="TC_011" time="0.0">
    <ignored/>
  </testcase> <!-- TC_011 -->
  <testcase classname="LoginModule.Login" name="TC_009" time="0.0">
    <ignored/>
  </testcase> <!-- TC_009 -->
  <testcase classname="LoginModule.Login" name="TC_007" time="0.0">
    <ignored/>
  </testcase> <!-- TC_007 -->
  <testcase classname="LoginModule.Login" name="TC_008" time="0.0">
    <ignored/>
  </testcase> <!-- TC_008 -->
  <testcase classname="LoginModule.Login" name="TC_016" time="0.0">
    <ignored/>
  </testcase> <!-- TC_016 -->
  <testcase classname="LoginModule.Login" name="TC_005" time="0.0">
    <ignored/>
  </testcase> <!-- TC_005 -->
  <testcase classname="LoginModule.Login" name="TC_017" time="0.0">
    <ignored/>
  </testcase> <!-- TC_017 -->
  <testcase classname="LoginModule.Login" name="TC_006" time="0.0">
    <ignored/>
  </testcase> <!-- TC_006 -->
</testsuite>
