<?xml version="1.0" encoding="UTF-8"?>
<testng-results ignored="0" total="8" passed="8" failed="0" skipped="0">
  <reporter-output>
    <line>
      <![CDATA[onStart]]>
    </line>
    <line>
      <![CDATA[TC_001is onTestStart]]>
    </line>
    <line>
      <![CDATA[Entred in Targeted Page]]>
    </line>
    <line>
      <![CDATA[TC_001is onTestSuccess]]>
    </line>
    <line>
      <![CDATA[TC_002is onTestStart]]>
    </line>
    <line>
      <![CDATA[TC_002is onTestSuccess]]>
    </line>
    <line>
      <![CDATA[TC_003is onTestStart]]>
    </line>
    <line>
      <![CDATA[TC_003is onTestSuccess]]>
    </line>
    <line>
      <![CDATA[TC_004is onTestStart]]>
    </line>
    <line>
      <![CDATA[TC_004is onTestSuccess]]>
    </line>
    <line>
      <![CDATA[TC_005is onTestStart]]>
    </line>
    <line>
      <![CDATA[Error Msg is Displyed]]>
    </line>
    <line>
      <![CDATA[TC_005is onTestSuccess]]>
    </line>
    <line>
      <![CDATA[TC_007is onTestStart]]>
    </line>
    <line>
      <![CDATA[TC_007is onTestSuccess]]>
    </line>
    <line>
      <![CDATA[TC_008is onTestStart]]>
    </line>
    <line>
      <![CDATA[TC_008is onTestSuccess]]>
    </line>
    <line>
      <![CDATA[TC__006is onTestStart]]>
    </line>
    <line>
      <![CDATA[TC__006is onTestSuccess]]>
    </line>
  </reporter-output>
  <suite started-at="2026-05-03T19:56:30 IST" name="Suite" finished-at="2026-05-03T19:57:34 IST" duration-ms="63571">
    <groups>
    </groups>
    <test started-at="2026-05-03T19:56:30 IST" name="Test" finished-at="2026-05-03T19:57:34 IST" duration-ms="63571">
      <class name="AdminModule.Admin">
        <test-method is-config="true" signature="precondition()[pri:0, instance:AdminModule.Admin@62379589]" started-at="2026-05-03T19:56:30 IST" name="precondition" finished-at="2026-05-03T19:56:36 IST" duration-ms="6164" status="PASS">
          <reporter-output>
          </reporter-output>
        </test-method> <!-- precondition -->
        <test-method is-config="true" signature="login()[pri:0, instance:AdminModule.Admin@62379589]" started-at="2026-05-03T19:56:36 IST" name="login" finished-at="2026-05-03T19:56:37 IST" duration-ms="547" status="PASS">
          <reporter-output>
          </reporter-output>
        </test-method> <!-- login -->
        <test-method is-config="true" signature="adminObject()[pri:0, instance:AdminModule.Admin@62379589]" started-at="2026-05-03T19:56:37 IST" name="adminObject" finished-at="2026-05-03T19:56:37 IST" duration-ms="15" status="PASS">
          <reporter-output>
          </reporter-output>
        </test-method> <!-- adminObject -->
        <test-method signature="TC_001()[pri:0, instance:AdminModule.Admin@62379589]" started-at="2026-05-03T19:56:37 IST" name="TC_001" finished-at="2026-05-03T19:56:39 IST" duration-ms="2267" status="PASS">
          <reporter-output>
            <line>
              <![CDATA[TC_001is onTestStart]]>
            </line>
            <line>
              <![CDATA[Entred in Targeted Page]]>
            </line>
            <line>
              <![CDATA[TC_001is onTestSuccess]]>
            </line>
          </reporter-output>
        </test-method> <!-- TC_001 -->
        <test-method is-config="true" signature="logout()[pri:0, instance:AdminModule.Admin@62379589]" started-at="2026-05-03T19:56:39 IST" name="logout" finished-at="2026-05-03T19:56:40 IST" duration-ms="1139" status="PASS">
          <reporter-output>
          </reporter-output>
        </test-method> <!-- logout -->
        <test-method is-config="true" signature="login()[pri:0, instance:AdminModule.Admin@62379589]" started-at="2026-05-03T19:56:40 IST" name="login" finished-at="2026-05-03T19:56:41 IST" duration-ms="545" status="PASS">
          <reporter-output>
          </reporter-output>
        </test-method> <!-- login -->
        <test-method is-config="true" signature="adminObject()[pri:0, instance:AdminModule.Admin@62379589]" started-at="2026-05-03T19:56:41 IST" name="adminObject" finished-at="2026-05-03T19:56:41 IST" duration-ms="1" status="PASS">
          <reporter-output>
          </reporter-output>
        </test-method> <!-- adminObject -->
        <test-method signature="TC_002()[pri:0, instance:AdminModule.Admin@62379589]" started-at="2026-05-03T19:56:41 IST" name="TC_002" finished-at="2026-05-03T19:56:44 IST" duration-ms="3307" status="PASS">
          <reporter-output>
            <line>
              <![CDATA[TC_002is onTestStart]]>
            </line>
            <line>
              <![CDATA[TC_002is onTestSuccess]]>
            </line>
          </reporter-output>
        </test-method> <!-- TC_002 -->
        <test-method is-config="true" signature="logout()[pri:0, instance:AdminModule.Admin@62379589]" started-at="2026-05-03T19:56:44 IST" name="logout" finished-at="2026-05-03T19:56:45 IST" duration-ms="1038" status="PASS">
          <reporter-output>
          </reporter-output>
        </test-method> <!-- logout -->
        <test-method is-config="true" signature="login()[pri:0, instance:AdminModule.Admin@62379589]" started-at="2026-05-03T19:56:45 IST" name="login" finished-at="2026-05-03T19:56:47 IST" duration-ms="1406" status="PASS">
          <reporter-output>
          </reporter-output>
        </test-method> <!-- login -->
        <test-method is-config="true" signature="adminObject()[pri:0, instance:AdminModule.Admin@62379589]" started-at="2026-05-03T19:56:47 IST" name="adminObject" finished-at="2026-05-03T19:56:47 IST" duration-ms="1" status="PASS">
          <reporter-output>
          </reporter-output>
        </test-method> <!-- adminObject -->
        <test-method signature="TC_003()[pri:0, instance:AdminModule.Admin@62379589]" started-at="2026-05-03T19:56:47 IST" name="TC_003" finished-at="2026-05-03T19:56:50 IST" duration-ms="3485" status="PASS">
          <reporter-output>
            <line>
              <![CDATA[TC_003is onTestStart]]>
            </line>
            <line>
              <![CDATA[TC_003is onTestSuccess]]>
            </line>
          </reporter-output>
        </test-method> <!-- TC_003 -->
        <test-method is-config="true" signature="logout()[pri:0, instance:AdminModule.Admin@62379589]" started-at="2026-05-03T19:56:50 IST" name="logout" finished-at="2026-05-03T19:56:51 IST" duration-ms="770" status="PASS">
          <reporter-output>
          </reporter-output>
        </test-method> <!-- logout -->
        <test-method is-config="true" signature="login()[pri:0, instance:AdminModule.Admin@62379589]" started-at="2026-05-03T19:56:51 IST" name="login" finished-at="2026-05-03T19:56:51 IST" duration-ms="492" status="PASS">
          <reporter-output>
          </reporter-output>
        </test-method> <!-- login -->
        <test-method is-config="true" signature="adminObject()[pri:0, instance:AdminModule.Admin@62379589]" started-at="2026-05-03T19:56:51 IST" name="adminObject" finished-at="2026-05-03T19:56:51 IST" duration-ms="1" status="PASS">
          <reporter-output>
          </reporter-output>
        </test-method> <!-- adminObject -->
        <test-method signature="TC_004()[pri:0, instance:AdminModule.Admin@62379589]" started-at="2026-05-03T19:56:51 IST" name="TC_004" finished-at="2026-05-03T19:57:08 IST" duration-ms="16434" status="PASS">
          <reporter-output>
            <line>
              <![CDATA[TC_004is onTestStart]]>
            </line>
            <line>
              <![CDATA[TC_004is onTestSuccess]]>
            </line>
          </reporter-output>
        </test-method> <!-- TC_004 -->
        <test-method is-config="true" signature="logout()[pri:0, instance:AdminModule.Admin@62379589]" started-at="2026-05-03T19:57:08 IST" name="logout" finished-at="2026-05-03T19:57:09 IST" duration-ms="898" status="PASS">
          <reporter-output>
          </reporter-output>
        </test-method> <!-- logout -->
        <test-method is-config="true" signature="login()[pri:0, instance:AdminModule.Admin@62379589]" started-at="2026-05-03T19:57:09 IST" name="login" finished-at="2026-05-03T19:57:10 IST" duration-ms="1383" status="PASS">
          <reporter-output>
          </reporter-output>
        </test-method> <!-- login -->
        <test-method is-config="true" signature="adminObject()[pri:0, instance:AdminModule.Admin@62379589]" started-at="2026-05-03T19:57:10 IST" name="adminObject" finished-at="2026-05-03T19:57:10 IST" duration-ms="1" status="PASS">
          <reporter-output>
          </reporter-output>
        </test-method> <!-- adminObject -->
        <test-method signature="TC_005()[pri:0, instance:AdminModule.Admin@62379589]" started-at="2026-05-03T19:57:10 IST" name="TC_005" finished-at="2026-05-03T19:57:18 IST" duration-ms="7400" status="PASS">
          <reporter-output>
            <line>
              <![CDATA[TC_005is onTestStart]]>
            </line>
            <line>
              <![CDATA[Error Msg is Displyed]]>
            </line>
            <line>
              <![CDATA[TC_005is onTestSuccess]]>
            </line>
          </reporter-output>
        </test-method> <!-- TC_005 -->
        <test-method is-config="true" signature="logout()[pri:0, instance:AdminModule.Admin@62379589]" started-at="2026-05-03T19:57:18 IST" name="logout" finished-at="2026-05-03T19:57:18 IST" duration-ms="851" status="PASS">
          <reporter-output>
          </reporter-output>
        </test-method> <!-- logout -->
        <test-method is-config="true" signature="login()[pri:0, instance:AdminModule.Admin@62379589]" started-at="2026-05-03T19:57:18 IST" name="login" finished-at="2026-05-03T19:57:20 IST" duration-ms="1405" status="PASS">
          <reporter-output>
          </reporter-output>
        </test-method> <!-- login -->
        <test-method is-config="true" signature="adminObject()[pri:0, instance:AdminModule.Admin@62379589]" started-at="2026-05-03T19:57:20 IST" name="adminObject" finished-at="2026-05-03T19:57:20 IST" duration-ms="2" status="PASS">
          <reporter-output>
          </reporter-output>
        </test-method> <!-- adminObject -->
        <test-method signature="TC_007()[pri:0, instance:AdminModule.Admin@62379589]" started-at="2026-05-03T19:57:20 IST" name="TC_007" finished-at="2026-05-03T19:57:22 IST" duration-ms="2557" status="PASS">
          <reporter-output>
            <line>
              <![CDATA[TC_007is onTestStart]]>
            </line>
            <line>
              <![CDATA[TC_007is onTestSuccess]]>
            </line>
          </reporter-output>
        </test-method> <!-- TC_007 -->
        <test-method is-config="true" signature="logout()[pri:0, instance:AdminModule.Admin@62379589]" started-at="2026-05-03T19:57:22 IST" name="logout" finished-at="2026-05-03T19:57:23 IST" duration-ms="801" status="PASS">
          <reporter-output>
          </reporter-output>
        </test-method> <!-- logout -->
        <test-method is-config="true" signature="login()[pri:0, instance:AdminModule.Admin@62379589]" started-at="2026-05-03T19:57:23 IST" name="login" finished-at="2026-05-03T19:57:25 IST" duration-ms="1357" status="PASS">
          <reporter-output>
          </reporter-output>
        </test-method> <!-- login -->
        <test-method is-config="true" signature="adminObject()[pri:0, instance:AdminModule.Admin@62379589]" started-at="2026-05-03T19:57:25 IST" name="adminObject" finished-at="2026-05-03T19:57:25 IST" duration-ms="1" status="PASS">
          <reporter-output>
          </reporter-output>
        </test-method> <!-- adminObject -->
        <test-method signature="TC_008()[pri:0, instance:AdminModule.Admin@62379589]" started-at="2026-05-03T19:57:25 IST" name="TC_008" finished-at="2026-05-03T19:57:27 IST" duration-ms="2619" status="PASS">
          <reporter-output>
            <line>
              <![CDATA[TC_008is onTestStart]]>
            </line>
            <line>
              <![CDATA[TC_008is onTestSuccess]]>
            </line>
          </reporter-output>
        </test-method> <!-- TC_008 -->
        <test-method is-config="true" signature="logout()[pri:0, instance:AdminModule.Admin@62379589]" started-at="2026-05-03T19:57:27 IST" name="logout" finished-at="2026-05-03T19:57:28 IST" duration-ms="1034" status="PASS">
          <reporter-output>
          </reporter-output>
        </test-method> <!-- logout -->
        <test-method is-config="true" signature="login()[pri:0, instance:AdminModule.Admin@62379589]" started-at="2026-05-03T19:57:28 IST" name="login" finished-at="2026-05-03T19:57:30 IST" duration-ms="1455" status="PASS">
          <reporter-output>
          </reporter-output>
        </test-method> <!-- login -->
        <test-method is-config="true" signature="adminObject()[pri:0, instance:AdminModule.Admin@62379589]" started-at="2026-05-03T19:57:30 IST" name="adminObject" finished-at="2026-05-03T19:57:30 IST" duration-ms="1" status="PASS">
          <reporter-output>
          </reporter-output>
        </test-method> <!-- adminObject -->
        <test-method signature="TC__006()[pri:0, instance:AdminModule.Admin@62379589]" started-at="2026-05-03T19:57:30 IST" name="TC__006" finished-at="2026-05-03T19:57:33 IST" duration-ms="2909" status="PASS">
          <reporter-output>
            <line>
              <![CDATA[TC__006is onTestStart]]>
            </line>
            <line>
              <![CDATA[TC__006is onTestSuccess]]>
            </line>
          </reporter-output>
        </test-method> <!-- TC__006 -->
        <test-method is-config="true" signature="logout()[pri:0, instance:AdminModule.Admin@62379589]" started-at="2026-05-03T19:57:33 IST" name="logout" finished-at="2026-05-03T19:57:33 IST" duration-ms="941" status="PASS">
          <reporter-output>
          </reporter-output>
        </test-method> <!-- logout -->
        <test-method is-config="true" signature="postCondition()[pri:0, instance:AdminModule.Admin@62379589]" started-at="2026-05-03T19:57:33 IST" name="postCondition" finished-at="2026-05-03T19:57:34 IST" duration-ms="250" status="PASS">
          <reporter-output>
          </reporter-output>
        </test-method> <!-- postCondition -->
      </class> <!-- AdminModule.Admin -->
    </test> <!-- Test -->
  </suite> <!-- Suite -->
</testng-results>
