<?xml version="1.0" encoding="UTF-8"?>
<!-- Generated by org.testng.reporters.JUnitReportReporter -->
<testsuite hostname="Rohan" failures="0" tests="9" name="AdminModule.Admin" time="57.063" errors="0" timestamp="2026-05-03T19:57:34 IST" skipped="1">
  <testcase classname="AdminModule.Admin" name="TC_002" time="5.748">
    <system-out>
      <![CDATA[TC_002is onTestStart
TC_002is onTestSuccess]]>
    </system-out>
  </testcase> <!-- TC_002 -->
  <testcase classname="AdminModule.Admin" name="TC_005" time="9.704">
    <system-out>
      <![CDATA[TC_005is onTestStart
Error Msg is Displyed
TC_005is onTestSuccess]]>
    </system-out>
  </testcase> <!-- TC_005 -->
  <testcase classname="AdminModule.Admin" name="TC__006" time="4.308">
    <system-out>
      <![CDATA[TC__006is onTestStart
TC__006is onTestSuccess]]>
    </system-out>
  </testcase> <!-- TC__006 -->
  <testcase classname="AdminModule.Admin" name="TC_001" time="4.761">
    <system-out>
      <![CDATA[TC_001is onTestStart
Entred in Targeted Page
TC_001is onTestSuccess]]>
    </system-out>
  </testcase> <!-- TC_001 -->
  <testcase classname="AdminModule.Admin" name="TC_003" time="5.640">
    <system-out>
      <![CDATA[TC_003is onTestStart
TC_003is onTestSuccess]]>
    </system-out>
  </testcase> <!-- TC_003 -->
  <testcase classname="AdminModule.Admin" name="TC_004" time="17.742">
    <system-out>
      <![CDATA[TC_004is onTestStart
TC_004is onTestSuccess]]>
    </system-out>
  </testcase> <!-- TC_004 -->
  <testcase classname="AdminModule.Admin" name="TC_007" time="4.044">
    <system-out>
      <![CDATA[TC_007is onTestStart
TC_007is onTestSuccess]]>
    </system-out>
  </testcase> <!-- TC_007 -->
  <testcase classname="AdminModule.Admin" name="TC_008" time="5.116">
    <system-out>
      <![CDATA[TC_008is onTestStart
TC_008is onTestSuccess]]>
    </system-out>
  </testcase> <!-- TC_008 -->
  <testcase classname="AdminModule.Admin" name="TC_009">
    <skipped/>
  </testcase> <!-- TC_009 -->
  <system-out>
    <![CDATA[onStart
TC_001is onTestStart
Entred in Targeted Page
TC_001is onTestSuccess
TC_002is onTestStart
TC_002is onTestSuccess
TC_003is onTestStart
TC_003is onTestSuccess
TC_004is onTestStart
TC_004is onTestSuccess
TC_005is onTestStart
Error Msg is Displyed
TC_005is onTestSuccess
TC_007is onTestStart
TC_007is onTestSuccess
TC_008is onTestStart
TC_008is onTestSuccess
TC__006is onTestStart
TC__006is onTestSuccess]]>
  </system-out>
</testsuite> <!-- AdminModule.Admin -->
