<?xml version="1.0" encoding="UTF-8"?>
<!-- Generated by org.testng.reporters.JUnitReportReporter -->
<testsuite hostname="Rohan" failures="0" tests="1" name="LoginModule.Login" time="17.023" errors="0" timestamp="2026-01-27T03:18:33 IST" skipped="0">
  <testcase classname="LoginModule.Login" name="TC_017" time="17.023">
    <system-out>
      <![CDATA[TC_017is onTestStart
Moved back
TC_017is onTestSuccess]]>
    </system-out>
  </testcase> <!-- TC_017 -->
  <system-out>
    <![CDATA[onStart
TC_017is onTestStart
Moved back
TC_017is onTestSuccess]]>
  </system-out>
</testsuite> <!-- LoginModule.Login -->
